<?xml version="1.0" encoding="UTF-8"?>
<robot generator="Robot 6.1.1 (Python 3.10.11 on win32)" generated="20230825 17:52:48.948" rpa="false" schemaversion="4">
<suite id="s1" name="amazonTestes" source="C:\Users\8820948\Documents\GitHub\CursoRobotUdemyBasico\webtesting\amazonTestes.robot">
<test id="s1-t1" name="Caso de teste 01- Acesso ao menu &quot;Eletrônicos&quot;" line="8">
<kw name="Abrir o navegador" library="amazonResources" type="SETUP">
<kw name="Open Browser" library="SeleniumLibrary">
<arg>browser=gc</arg>
<doc>Opens a new browser instance to the optional ``url``.</doc>
<msg timestamp="20230825 17:52:49.121" level="INFO">Opening browser 'gc' to base url 'None'.</msg>
<status status="PASS" starttime="20230825 17:52:49.121" endtime="20230825 17:52:51.755"/>
</kw>
<kw name="Maximize Browser Window" library="SeleniumLibrary">
<doc>Maximizes current browser window.</doc>
<status status="PASS" starttime="20230825 17:52:51.755" endtime="20230825 17:52:51.879"/>
</kw>
<status status="PASS" starttime="20230825 17:52:49.121" endtime="20230825 17:52:51.880"/>
</kw>
<kw name="Acessar a home page do site Amazon.com.br" library="amazonResources">
<kw name="Go To" library="SeleniumLibrary">
<arg>url=${URL}</arg>
<doc>Navigates the current browser window to the provided ``url``.</doc>
<msg timestamp="20230825 17:52:51.883" level="INFO">Opening url 'https://www.amazon.com.br/'</msg>
<status status="PASS" starttime="20230825 17:52:51.882" endtime="20230825 17:52:54.519"/>
</kw>
<kw name="Wait Until Element Is Visible" library="SeleniumLibrary">
<arg>locator=${eletronicos}</arg>
<doc>Waits until the element ``locator`` is visible.</doc>
<status status="PASS" starttime="20230825 17:52:54.519" endtime="20230825 17:52:54.646"/>
</kw>
<status status="PASS" starttime="20230825 17:52:51.881" endtime="20230825 17:52:54.646"/>
</kw>
<kw name="Entrar no menu &quot;Eletrônicos&quot;" library="amazonResources">
<kw name="Click Element" library="SeleniumLibrary">
<arg>locator=${eletronicos}</arg>
<doc>Click the element identified by ``locator``.</doc>
<msg timestamp="20230825 17:52:54.649" level="INFO">Clicking element '//a[@href='/Eletronicos-e-Tecnologia/b/?ie=UTF8&amp;node=16209062011&amp;ref_=nav_cs_electronics'][contains(.,'Eletrônicos')]'.</msg>
<status status="PASS" starttime="20230825 17:52:54.648" endtime="20230825 17:52:56.621"/>
</kw>
<kw name="Wait Until Element Is Visible" library="SeleniumLibrary">
<arg>locator=${eletronicos}</arg>
<doc>Waits until the element ``locator`` is visible.</doc>
<status status="PASS" starttime="20230825 17:52:56.621" endtime="20230825 17:52:56.687"/>
</kw>
<status status="PASS" starttime="20230825 17:52:54.648" endtime="20230825 17:52:56.687"/>
</kw>
<kw name="Verificar se aparece a frase &quot;Eletrônicos e Tecnologia&quot;" library="amazonResources">
<kw name="Wait Until Page Contains" library="SeleniumLibrary">
<arg>text= Eletrônicos e Tecnologia</arg>
<doc>Waits until ``text`` appears on the current page.</doc>
<status status="PASS" starttime="20230825 17:52:56.688" endtime="20230825 17:52:56.735"/>
</kw>
<kw name="Wait Until Element Is Visible" library="SeleniumLibrary">
<arg>locator=${h1}</arg>
<doc>Waits until the element ``locator`` is visible.</doc>
<status status="PASS" starttime="20230825 17:52:56.735" endtime="20230825 17:52:56.791"/>
</kw>
<status status="PASS" starttime="20230825 17:52:56.687" endtime="20230825 17:52:56.791"/>
</kw>
<kw name="Verificar se o título da página fica &quot;Eletrônicos e Tecnologia | Amazon.com.br&quot;" library="amazonResources" sourcename="Verificar se o título da página fica &quot;${titulo}&quot;">
<kw name="Title Should Be" library="SeleniumLibrary">
<arg>${titulo}</arg>
<doc>Verifies that the current page title equals ``title``.</doc>
<msg timestamp="20230825 17:52:56.806" level="INFO">Page title is 'Eletrônicos e Tecnologia | Amazon.com.br'.</msg>
<status status="PASS" starttime="20230825 17:52:56.792" endtime="20230825 17:52:56.806"/>
</kw>
<status status="PASS" starttime="20230825 17:52:56.791" endtime="20230825 17:52:56.806"/>
</kw>
<kw name="Verificar se aparece a categoria &quot;Computadores e Informática&quot;" library="amazonResources" sourcename="Verificar se aparece a categoria &quot;${nomeCategoria}&quot;">
<kw name="Element Should Be Visible" library="SeleniumLibrary">
<arg>locator=//a[@aria-label='${nomeCategoria}']</arg>
<doc>Verifies that the element identified by ``locator`` is visible.</doc>
<msg timestamp="20230825 17:52:56.873" level="INFO">Element '//a[@aria-label='Computadores e Informática']' is displayed.</msg>
<status status="PASS" starttime="20230825 17:52:56.808" endtime="20230825 17:52:56.873"/>
</kw>
<status status="PASS" starttime="20230825 17:52:56.808" endtime="20230825 17:52:56.873"/>
</kw>
<kw name="Fechar o navegador" library="amazonResources" type="TEARDOWN">
<kw name="Capture Page Screenshot" library="SeleniumLibrary">
<doc>Takes a screenshot of the current page and embeds it into a log file.</doc>
<msg timestamp="20230825 17:52:57.112" level="INFO" html="true">&lt;/td&gt;&lt;/tr&gt;&lt;tr&gt;&lt;td colspan="3"&gt;&lt;a href="selenium-screenshot-6.png"&gt;&lt;img src="selenium-screenshot-6.png" width="800px"&gt;&lt;/a&gt;</msg>
<status status="PASS" starttime="20230825 17:52:56.874" endtime="20230825 17:52:57.112"/>
</kw>
<kw name="Close Browser" library="SeleniumLibrary">
<doc>Closes the current browser.</doc>
<status status="PASS" starttime="20230825 17:52:57.112" endtime="20230825 17:52:59.205"/>
</kw>
<status status="PASS" starttime="20230825 17:52:56.874" endtime="20230825 17:52:59.206"/>
</kw>
<doc>Esse teste verifica o menu eletrônicos do site da amazon
teste segunda linha</doc>
<tag>categorias</tag>
<tag>menus</tag>
<status status="PASS" starttime="20230825 17:52:49.120" endtime="20230825 17:52:59.207"/>
</test>
<test id="s1-t2" name="Caso de teste 02- Pesquisa de um Produto" line="22">
<kw name="Abrir o navegador" library="amazonResources" type="SETUP">
<kw name="Open Browser" library="SeleniumLibrary">
<arg>browser=gc</arg>
<doc>Opens a new browser instance to the optional ``url``.</doc>
<msg timestamp="20230825 17:52:59.215" level="INFO">Opening browser 'gc' to base url 'None'.</msg>
<status status="PASS" starttime="20230825 17:52:59.215" endtime="20230825 17:53:00.604"/>
</kw>
<kw name="Maximize Browser Window" library="SeleniumLibrary">
<doc>Maximizes current browser window.</doc>
<status status="PASS" starttime="20230825 17:53:00.605" endtime="20230825 17:53:00.714"/>
</kw>
<status status="PASS" starttime="20230825 17:52:59.214" endtime="20230825 17:53:00.714"/>
</kw>
<kw name="Acessar a home page do site Amazon.com.br" library="amazonResources">
<kw name="Go To" library="SeleniumLibrary">
<arg>url=${URL}</arg>
<doc>Navigates the current browser window to the provided ``url``.</doc>
<msg timestamp="20230825 17:53:00.715" level="INFO">Opening url 'https://www.amazon.com.br/'</msg>
<status status="PASS" starttime="20230825 17:53:00.715" endtime="20230825 17:53:03.339"/>
</kw>
<kw name="Wait Until Element Is Visible" library="SeleniumLibrary">
<arg>locator=${eletronicos}</arg>
<doc>Waits until the element ``locator`` is visible.</doc>
<status status="PASS" starttime="20230825 17:53:03.340" endtime="20230825 17:53:03.385"/>
</kw>
<status status="PASS" starttime="20230825 17:53:00.715" endtime="20230825 17:53:03.385"/>
</kw>
<kw name="Digitar o nome de produto &quot;Xbox Series S&quot; no campo de pesquisa" library="amazonResources" sourcename="Digitar o nome de produto &quot;${nomeProduto}&quot; no campo de pesquisa">
<kw name="Input Text" library="SeleniumLibrary">
<arg>locator=//input[contains(@type,'text')]</arg>
<arg>text=${nomeProduto}</arg>
<doc>Types the given ``text`` into the text field identified by ``locator``.</doc>
<msg timestamp="20230825 17:53:03.386" level="INFO">Typing text 'Xbox Series S' into text field '//input[contains(@type,'text')]'.</msg>
<status status="PASS" starttime="20230825 17:53:03.386" endtime="20230825 17:53:03.528"/>
</kw>
<status status="PASS" starttime="20230825 17:53:03.386" endtime="20230825 17:53:03.528"/>
</kw>
<kw name="Clicar no botão de pesquisa" library="amazonResources">
<kw name="Click Element" library="SeleniumLibrary">
<arg>locator=//input[contains(@type,'submit')]</arg>
<doc>Click the element identified by ``locator``.</doc>
<msg timestamp="20230825 17:53:03.530" level="INFO">Clicking element '//input[contains(@type,'submit')]'.</msg>
<status status="PASS" starttime="20230825 17:53:03.529" endtime="20230825 17:53:03.624"/>
</kw>
<status status="PASS" starttime="20230825 17:53:03.529" endtime="20230825 17:53:03.624"/>
</kw>
<kw name="Verificar se o resultado da pesquisa,lista o produto pesquisado" library="amazonResources">
<kw name="Wait Until Page Contains" library="SeleniumLibrary">
<arg>text= ${nomeProduto}</arg>
<doc>Waits until ``text`` appears on the current page.</doc>
<status status="PASS" starttime="20230825 17:53:03.625" endtime="20230825 17:53:03.791"/>
</kw>
<status status="PASS" starttime="20230825 17:53:03.624" endtime="20230825 17:53:03.791"/>
</kw>
<kw name="Fechar o navegador" library="amazonResources" type="TEARDOWN">
<kw name="Capture Page Screenshot" library="SeleniumLibrary">
<doc>Takes a screenshot of the current page and embeds it into a log file.</doc>
<msg timestamp="20230825 17:53:04.238" level="INFO" html="true">&lt;/td&gt;&lt;/tr&gt;&lt;tr&gt;&lt;td colspan="3"&gt;&lt;a href="selenium-screenshot-7.png"&gt;&lt;img src="selenium-screenshot-7.png" width="800px"&gt;&lt;/a&gt;</msg>
<status status="PASS" starttime="20230825 17:53:03.792" endtime="20230825 17:53:04.239"/>
</kw>
<kw name="Close Browser" library="SeleniumLibrary">
<doc>Closes the current browser.</doc>
<status status="PASS" starttime="20230825 17:53:04.239" endtime="20230825 17:53:06.324"/>
</kw>
<status status="PASS" starttime="20230825 17:53:03.792" endtime="20230825 17:53:06.325"/>
</kw>
<doc>Esse teste verifica a busca de um Produto do site</doc>
<tag>busca_produtos</tag>
<tag>lista_busca</tag>
<status status="PASS" starttime="20230825 17:52:59.212" endtime="20230825 17:53:06.326"/>
</test>
<doc>Essa suíte testa o site da amazon.com.br</doc>
<status status="PASS" starttime="20230825 17:52:48.949" endtime="20230825 17:53:06.330"/>
</suite>
<statistics>
<total>
<stat pass="2" fail="0" skip="0">All Tests</stat>
</total>
<tag>
<stat pass="1" fail="0" skip="0">busca_produtos</stat>
<stat pass="1" fail="0" skip="0">categorias</stat>
<stat pass="1" fail="0" skip="0">lista_busca</stat>
<stat pass="1" fail="0" skip="0">menus</stat>
</tag>
<suite>
<stat pass="2" fail="0" skip="0" id="s1" name="amazonTestes">amazonTestes</stat>
</suite>
</statistics>
<errors>
</errors>
</robot>
