<?xml version="1.0" encoding="UTF-8"?>
<robot generator="Robot 6.1.1 (Python 3.10.11 on win32)" generated="20230825 17:31:04.162" rpa="false" schemaversion="4">
<suite id="s1" name="amazonTestes" source="C:\Users\8820948\Documents\GitHub\CursoRobotUdemyBasico\webtesting\amazonTestes.robot">
<test id="s1-t1" name="Caso de teste 01- Acesso ao menu &quot;Eletrônicos&quot;" line="8">
<kw name="Abrir o navegador" library="amazonResources" type="SETUP">
<kw name="Open Browser" library="SeleniumLibrary">
<arg>browser=gc</arg>
<doc>Opens a new browser instance to the optional ``url``.</doc>
<msg timestamp="20230825 17:31:04.330" level="INFO">Opening browser 'gc' to base url 'None'.</msg>
<status status="PASS" starttime="20230825 17:31:04.330" endtime="20230825 17:31:05.756"/>
</kw>
<kw name="Maximize Browser Window" library="SeleniumLibrary">
<doc>Maximizes current browser window.</doc>
<status status="PASS" starttime="20230825 17:31:05.756" endtime="20230825 17:31:05.875"/>
</kw>
<status status="PASS" starttime="20230825 17:31:04.330" endtime="20230825 17:31:05.875"/>
</kw>
<kw name="Acessar a home page do site Amazon.com.br" library="amazonResources">
<kw name="Go To" library="SeleniumLibrary">
<arg>url=${URL}</arg>
<doc>Navigates the current browser window to the provided ``url``.</doc>
<msg timestamp="20230825 17:31:05.877" level="INFO">Opening url 'https://www.amazon.com.br/'</msg>
<status status="PASS" starttime="20230825 17:31:05.877" endtime="20230825 17:31:09.535"/>
</kw>
<kw name="Wait Until Element Is Visible" library="SeleniumLibrary">
<arg>locator=${eletronicos}</arg>
<doc>Waits until the element ``locator`` is visible.</doc>
<status status="PASS" starttime="20230825 17:31:09.535" endtime="20230825 17:31:09.578"/>
</kw>
<status status="PASS" starttime="20230825 17:31:05.877" endtime="20230825 17:31:09.578"/>
</kw>
<kw name="Entrar no menu &quot;Eletrônicos&quot;" library="amazonResources">
<kw name="Click Element" library="SeleniumLibrary">
<arg>locator=${eletronicos}</arg>
<doc>Click the element identified by ``locator``.</doc>
<msg timestamp="20230825 17:31:09.579" level="INFO">Clicking element '//a[@href='/Eletronicos-e-Tecnologia/b/?ie=UTF8&amp;node=16209062011&amp;ref_=nav_cs_electronics'][contains(.,'Eletrônicos')]'.</msg>
<status status="PASS" starttime="20230825 17:31:09.578" endtime="20230825 17:31:10.465"/>
</kw>
<kw name="Wait Until Element Is Visible" library="SeleniumLibrary">
<arg>locator=${eletronicos}</arg>
<doc>Waits until the element ``locator`` is visible.</doc>
<status status="PASS" starttime="20230825 17:31:10.465" endtime="20230825 17:31:11.107"/>
</kw>
<status status="PASS" starttime="20230825 17:31:09.578" endtime="20230825 17:31:11.107"/>
</kw>
<kw name="Verificar se aparece a frase &quot;Eletrônicos e Tecnologia&quot;" library="amazonResources">
<kw name="Wait Until Page Contains" library="SeleniumLibrary">
<arg>text= Eletrônicos e Tecnologia</arg>
<doc>Waits until ``text`` appears on the current page.</doc>
<status status="PASS" starttime="20230825 17:31:11.108" endtime="20230825 17:31:11.301"/>
</kw>
<kw name="Wait Until Element Is Visible" library="SeleniumLibrary">
<arg>locator=${h1}</arg>
<doc>Waits until the element ``locator`` is visible.</doc>
<status status="PASS" starttime="20230825 17:31:11.301" endtime="20230825 17:31:11.518"/>
</kw>
<status status="PASS" starttime="20230825 17:31:11.108" endtime="20230825 17:31:11.518"/>
</kw>
<kw name="Verificar se o título da página fica &quot;Eletrônicos e Tecnologia | Amazon.com.br&quot;" library="amazonResources" sourcename="Verificar se o título da página fica &quot;${titulo}&quot;">
<kw name="Title Should Be" library="SeleniumLibrary">
<arg>${titulo}</arg>
<doc>Verifies that the current page title equals ``title``.</doc>
<msg timestamp="20230825 17:31:11.534" level="INFO">Page title is 'Eletrônicos e Tecnologia | Amazon.com.br'.</msg>
<status status="PASS" starttime="20230825 17:31:11.518" endtime="20230825 17:31:11.534"/>
</kw>
<status status="PASS" starttime="20230825 17:31:11.518" endtime="20230825 17:31:11.534"/>
</kw>
<kw name="Verificar se aparece a categoria &quot;Computadores e Informática&quot;" library="amazonResources" sourcename="Verificar se aparece a categoria &quot;${nomeCategoria}&quot;">
<kw name="Element Should Be Visible" library="SeleniumLibrary">
<arg>locator=//a[@aria-label='${nomeCategoria}']</arg>
<doc>Verifies that the element identified by ``locator`` is visible.</doc>
<msg timestamp="20230825 17:31:11.599" level="INFO">Element '//a[@aria-label='Computadores e Informática']' is displayed.</msg>
<status status="PASS" starttime="20230825 17:31:11.535" endtime="20230825 17:31:11.599"/>
</kw>
<status status="PASS" starttime="20230825 17:31:11.535" endtime="20230825 17:31:11.599"/>
</kw>
<doc>Esse teste verifica o menu eletrônicos do site da amazon
teste segunda linha</doc>
<tag>categorias</tag>
<tag>menus</tag>
<status status="PASS" starttime="20230825 17:31:04.329" endtime="20230825 17:31:11.600"/>
</test>
<test id="s1-t2" name="Caso de teste 02- Pesquisa de um Produto" line="22">
<kw name="Abrir o navegador" library="amazonResources" type="SETUP">
<kw name="Open Browser" library="SeleniumLibrary">
<arg>browser=gc</arg>
<doc>Opens a new browser instance to the optional ``url``.</doc>
<msg timestamp="20230825 17:31:11.601" level="INFO">Opening browser 'gc' to base url 'None'.</msg>
<status status="PASS" starttime="20230825 17:31:11.601" endtime="20230825 17:31:12.985"/>
</kw>
<kw name="Maximize Browser Window" library="SeleniumLibrary">
<doc>Maximizes current browser window.</doc>
<status status="PASS" starttime="20230825 17:31:12.985" endtime="20230825 17:31:13.097"/>
</kw>
<status status="PASS" starttime="20230825 17:31:11.601" endtime="20230825 17:31:13.097"/>
</kw>
<kw name="Acessar a home page do site Amazon.com.br" library="amazonResources">
<kw name="Go To" library="SeleniumLibrary">
<arg>url=${URL}</arg>
<doc>Navigates the current browser window to the provided ``url``.</doc>
<msg timestamp="20230825 17:31:13.098" level="INFO">Opening url 'https://www.amazon.com.br/'</msg>
<status status="PASS" starttime="20230825 17:31:13.098" endtime="20230825 17:31:15.876"/>
</kw>
<kw name="Wait Until Element Is Visible" library="SeleniumLibrary">
<arg>locator=${eletronicos}</arg>
<doc>Waits until the element ``locator`` is visible.</doc>
<status status="PASS" starttime="20230825 17:31:15.876" endtime="20230825 17:31:15.910"/>
</kw>
<status status="PASS" starttime="20230825 17:31:13.098" endtime="20230825 17:31:15.910"/>
</kw>
<kw name="Digitar o nome de produto &quot;Xbox Series S&quot; no campo de pesquisa" library="amazonResources" sourcename="Digitar o nome de produto &quot;${nomeProduto}&quot; no campo de pesquisa">
<kw name="Input Text" library="SeleniumLibrary">
<arg>locator=//input[contains(@type,'text')]</arg>
<arg>text=${nomeProduto}</arg>
<doc>Types the given ``text`` into the text field identified by ``locator``.</doc>
<msg timestamp="20230825 17:31:15.911" level="INFO">Typing text 'Xbox Series S' into text field '//input[contains(@type,'text')]'.</msg>
<status status="PASS" starttime="20230825 17:31:15.910" endtime="20230825 17:31:16.051"/>
</kw>
<status status="PASS" starttime="20230825 17:31:15.910" endtime="20230825 17:31:16.051"/>
</kw>
<kw name="Clicar no botão de pesquisa" library="amazonResources">
<kw name="Click Element" library="SeleniumLibrary">
<arg>locator=//input[contains(@type,'submit')]</arg>
<doc>Click the element identified by ``locator``.</doc>
<msg timestamp="20230825 17:31:16.053" level="INFO">Clicking element '//input[contains(@type,'submit')]'.</msg>
<status status="PASS" starttime="20230825 17:31:16.052" endtime="20230825 17:31:16.144"/>
</kw>
<status status="PASS" starttime="20230825 17:31:16.052" endtime="20230825 17:31:16.145"/>
</kw>
<kw name="Verificar se o resultado da pesquisa,lista o produto pesquisado" library="amazonResources">
<kw name="Wait Until Page Contains" library="SeleniumLibrary">
<arg>text= ${nomeProduto}</arg>
<doc>Waits until ``text`` appears on the current page.</doc>
<status status="PASS" starttime="20230825 17:31:16.146" endtime="20230825 17:31:16.312"/>
</kw>
<status status="PASS" starttime="20230825 17:31:16.145" endtime="20230825 17:31:16.312"/>
</kw>
<doc>Esse teste verifica a busca de um Produto do site</doc>
<tag>busca_produtos</tag>
<tag>lista_busca</tag>
<status status="PASS" starttime="20230825 17:31:11.601" endtime="20230825 17:31:16.313"/>
</test>
<doc>Essa suíte testa o site da amazon.com.br</doc>
<status status="PASS" starttime="20230825 17:31:04.164" endtime="20230825 17:31:16.314"/>
</suite>
<statistics>
<total>
<stat pass="2" fail="0" skip="0">All Tests</stat>
</total>
<tag>
<stat pass="1" fail="0" skip="0">busca_produtos</stat>
<stat pass="1" fail="0" skip="0">categorias</stat>
<stat pass="1" fail="0" skip="0">lista_busca</stat>
<stat pass="1" fail="0" skip="0">menus</stat>
</tag>
<suite>
<stat pass="2" fail="0" skip="0" id="s1" name="amazonTestes">amazonTestes</stat>
</suite>
</statistics>
<errors>
</errors>
</robot>
