<?xml version="1.0" encoding="UTF-8"?>
<robot generator="Robot 6.1.1 (Python 3.10.11 on win32)" generated="20230825 14:19:47.506" rpa="false" schemaversion="4">
<suite id="s1" name="amazonTestes" source="C:\Users\8820948\Documents\GitHub\CursoRobotUdemyBasico\webtesting\amazonTestes.robot">
<test id="s1-t1" name="Caso de teste 01- Acesso ao menu &quot;Eletrônicos&quot;" line="8">
<kw name="Abrir o navegador" library="amazonResources" type="SETUP">
<kw name="Open Browser" library="SeleniumLibrary">
<arg>browser=gc</arg>
<doc>Opens a new browser instance to the optional ``url``.</doc>
<msg timestamp="20230825 14:19:47.676" level="INFO">Opening browser 'gc' to base url 'None'.</msg>
<status status="PASS" starttime="20230825 14:19:47.676" endtime="20230825 14:19:49.148"/>
</kw>
<status status="PASS" starttime="20230825 14:19:47.676" endtime="20230825 14:19:49.148"/>
</kw>
<kw name="Acessar a home page do site Amazon.com.br" library="amazonResources">
<kw name="Go To" library="SeleniumLibrary">
<arg>url=${URL}</arg>
<doc>Navigates the current browser window to the provided ``url``.</doc>
<msg timestamp="20230825 14:19:49.149" level="INFO">Opening url 'https://www.amazon.com.br/'</msg>
<status status="PASS" starttime="20230825 14:19:49.149" endtime="20230825 14:19:51.783"/>
</kw>
<status status="PASS" starttime="20230825 14:19:49.148" endtime="20230825 14:19:51.783"/>
</kw>
<kw name="Fechar o navegador" library="amazonResources" type="TEARDOWN">
<kw name="Close Browser" library="SeleniumLibrary">
<doc>Closes the current browser.</doc>
<status status="PASS" starttime="20230825 14:19:51.784" endtime="20230825 14:19:53.868"/>
</kw>
<status status="PASS" starttime="20230825 14:19:51.784" endtime="20230825 14:19:53.868"/>
</kw>
<doc>Esse teste verifica o menu eletrônicos do site da amazon
teste segunda linha</doc>
<tag>categorias</tag>
<tag>menus</tag>
<status status="PASS" starttime="20230825 14:19:47.675" endtime="20230825 14:19:53.869"/>
</test>
<doc>Essa suíte testa o site da amazon.com.br</doc>
<status status="PASS" starttime="20230825 14:19:47.507" endtime="20230825 14:19:53.870"/>
</suite>
<statistics>
<total>
<stat pass="1" fail="0" skip="0">All Tests</stat>
</total>
<tag>
<stat pass="1" fail="0" skip="0">categorias</stat>
<stat pass="1" fail="0" skip="0">menus</stat>
</tag>
<suite>
<stat pass="1" fail="0" skip="0" id="s1" name="amazonTestes">amazonTestes</stat>
</suite>
</statistics>
<errors>
</errors>
</robot>
